Build started 8/29/2015 5:56:54 AM.
Project "C:\Users\CHSS\Desktop\mrnd2016\Return_Max_two_elements\Return_Max_two_elements\Return_Max_two_elements.vcxproj" on node 2 (Build target(s)).
ClCompile:
  C:\Program Files (x86)\Microsoft Visual Studio 12.0\VC\bin\CL.exe /c /ZI /nologo /W3 /WX- /Od /Oy- /D WIN32 /D _DEBUG /D _CONSOLE /D _LIB /D _UNICODE /D UNICODE /Gm /EHsc /RTC1 /MDd /GS /fp:precise /Zc:wchar_t /Zc:forScope /Fo"Debug\\" /Fd"Debug\vc120.pdb" /Gd /TC /analyze- /errorReport:prompt Return_Max_two_elements.c
  Return_Max_two_elements.c
c:\users\chss\desktop\mrnd2016\return_max_two_elements\return_max_two_elements\return_max_two_elements.c(8): warning C4996: 'scanf': This function or variable may be unsafe. Consider using scanf_s instead. To disable deprecation, use _CRT_SECURE_NO_WARNINGS. See online help for details.
          c:\program files (x86)\microsoft visual studio 12.0\vc\include\stdio.h(283) : see declaration of 'scanf'
c:\users\chss\desktop\mrnd2016\return_max_two_elements\return_max_two_elements\return_max_two_elements.c(11): warning C4996: 'scanf': This function or variable may be unsafe. Consider using scanf_s instead. To disable deprecation, use _CRT_SECURE_NO_WARNINGS. See online help for details.
          c:\program files (x86)\microsoft visual studio 12.0\vc\include\stdio.h(283) : see declaration of 'scanf'
c:\users\chss\desktop\mrnd2016\return_max_two_elements\return_max_two_elements\return_max_two_elements.c(12): warning C4047: '=' : 'int *' differs in levels of indirection from 'int'
c:\users\chss\desktop\mrnd2016\return_max_two_elements\return_max_two_elements\return_max_two_elements.c(13): warning C4047: '=' : 'int *' differs in levels of indirection from 'int'
c:\users\chss\desktop\mrnd2016\return_max_two_elements\return_max_two_elements\return_max_two_elements.c(14): warning C4047: 'function' : 'int *' differs in levels of indirection from 'int **'
c:\users\chss\desktop\mrnd2016\return_max_two_elements\return_max_two_elements\return_max_two_elements.c(14): warning C4024: 'frst2max' : different types for formal and actual parameter 3
c:\users\chss\desktop\mrnd2016\return_max_two_elements\return_max_two_elements\return_max_two_elements.c(14): warning C4024: 'frst2max' : different types for formal and actual parameter 4
c:\users\chss\desktop\mrnd2016\return_max_two_elements\return_max_two_elements\return_max_two_elements.c(6): warning C4101: 'y' : unreferenced local variable
Link:
  C:\Program Files (x86)\Microsoft Visual Studio 12.0\VC\bin\link.exe /ERRORREPORT:PROMPT /OUT:"C:\Users\CHSS\Desktop\mrnd2016\Return_Max_two_elements\Debug\Return_Max_two_elements.exe" /INCREMENTAL /NOLOGO kernel32.lib user32.lib gdi32.lib winspool.lib comdlg32.lib advapi32.lib shell32.lib ole32.lib oleaut32.lib uuid.lib odbc32.lib odbccp32.lib /MANIFEST /MANIFESTUAC:"level='asInvoker' uiAccess='false'" /manifest:embed /DEBUG /PDB:"C:\Users\CHSS\Desktop\mrnd2016\Return_Max_two_elements\Debug\Return_Max_two_elements.pdb" /SUBSYSTEM:CONSOLE /TLBID:1 /DYNAMICBASE /NXCOMPAT /IMPLIB:"C:\Users\CHSS\Desktop\mrnd2016\Return_Max_two_elements\Debug\Return_Max_two_elements.lib" /MACHINE:X86 Debug\Return_Max_two_elements.obj
  Return_Max_two_elements.vcxproj -> C:\Users\CHSS\Desktop\mrnd2016\Return_Max_two_elements\Debug\Return_Max_two_elements.exe
Done Building Project "C:\Users\CHSS\Desktop\mrnd2016\Return_Max_two_elements\Return_Max_two_elements\Return_Max_two_elements.vcxproj" (Build target(s)).

Build succeeded.

Time Elapsed 00:00:01.46
